<?xml version="1.0" encoding="UTF-8"?>
<!-- Generated by org.testng.reporters.JUnitXMLReporter -->
<testsuite hostname="Rev-PF1JT47A" ignored="0" name="Greeting DAO Tests" tests="2" failures="0" timestamp="2022-01-05T12:09:28 EST" time="1.346" errors="0">
  <testcase name="getNoGreetingMatchingInputFoundMessage" time="0.646" classname="com.suminski.tests.dalt.GreetingDAOTests"/>
  <testcase name="getRealGreeting" time="0.055" classname="com.suminski.tests.dalt.GreetingDAOTests"/>
</testsuite> <!-- Greeting DAO Tests -->
